{"/mnt/c/Users/AnkurSingh/AwesomeProject/App.js": {"path":"/mnt/c/Users/AnkurSingh/AwesomeProject/App.js","statementMap":{"0":{"start":{"line":1,"column":13},"end":{"line":1,"column":75}},"1":{"start":{"line":1,"column":75},"end":{"line":1,"column":100}},"2":{"start":{"line":9,"column":13},"end":{"line":9,"column":53}},"3":{"start":{"line":10,"column":19},"end":{"line":10,"column":42}},"4":{"start":{"line":19,"column":20},"end":{"line":19,"column":66}},"5":{"start":{"line":19,"column":86},"end":{"line":19,"column":133}},"6":{"start":{"line":19,"column":172},"end":{"line":19,"column":226}},"7":{"start":{"line":27,"column":10},"end":{"line":73,"column":1}},"8":{"start":{"line":28,"column":2},"end":{"line":67,"column":126}},"9":{"start":{"line":75,"column":13},"end":{"line":110,"column":27}},"10":{"start":{"line":114,"column":0},"end":{"line":114,"column":3}},"11":{"start":{"line":114,"column":4},"end":{"line":114,"column":31}}},"fnMap":{"0":{"name":"_interopRequireDefault","decl":{"start":{"line":19,"column":143},"end":{"line":19,"column":165}},"loc":{"start":{"line":19,"column":171},"end":{"line":19,"column":227}},"line":19},"1":{"name":"App","decl":{"start":{"line":27,"column":19},"end":{"line":27,"column":22}},"loc":{"start":{"line":27,"column":25},"end":{"line":73,"column":1}},"line":27}},"branchMap":{"0":{"loc":{"start":{"line":19,"column":179},"end":{"line":19,"column":225}},"type":"cond-expr","locations":[{"start":{"line":19,"column":203},"end":{"line":19,"column":206}},{"start":{"line":19,"column":209},"end":{"line":19,"column":225}}],"line":19},"1":{"loc":{"start":{"line":19,"column":179},"end":{"line":19,"column":200}},"type":"binary-expr","locations":[{"start":{"line":19,"column":179},"end":{"line":19,"column":182}},{"start":{"line":19,"column":186},"end":{"line":19,"column":200}}],"line":19},"2":{"loc":{"start":{"line":36,"column":4},"end":{"line":38,"column":150}},"type":"cond-expr","locations":[{"start":{"line":36,"column":36},"end":{"line":36,"column":40}},{"start":{"line":37,"column":4},"end":{"line":38,"column":150}}],"line":36}},"s":{"0":1,"1":1,"2":1,"3":1,"4":1,"5":1,"6":1,"7":1,"8":2,"9":1,"10":1,"11":1},"f":{"0":1,"1":2},"b":{"0":[0,1],"1":[1,1],"2":[2,0]},"_coverageSchema":"43e27e138ebf9cfc5966b082cf9a028302ed4184","hash":"f6433d66c6f6b9a799ee06346da83eb20b7002d4"}
}
